c:\users\yangy\desktop\tobii-game-box-master\code\obj\debug\vc141.pdb
c:\users\yangy\desktop\tobii-game-box-master\code\obj\debug\vc141.idb
c:\users\yangy\desktop\tobii-game-box-master\code\obj\debug\platebasic.obj
c:\users\yangy\desktop\tobii-game-box-master\code\obj\debug\rapidegame.obj
c:\users\yangy\desktop\tobii-game-box-master\code\obj\debug\gazeobject.obj
c:\users\yangy\desktop\tobii-game-box-master\code\obj\debug\inputmanager.obj
c:\users\yangy\desktop\tobii-game-box-master\code\obj\debug\label.obj
c:\users\yangy\desktop\tobii-game-box-master\code\obj\debug\leaderboard.obj
c:\users\yangy\desktop\tobii-game-box-master\code\obj\debug\menu.obj
c:\users\yangy\desktop\tobii-game-box-master\code\obj\debug\mousecursor.obj
c:\users\yangy\desktop\tobii-game-box-master\code\obj\debug\musicmanager.obj
c:\users\yangy\desktop\tobii-game-box-master\code\obj\debug\settings.obj
c:\users\yangy\desktop\tobii-game-box-master\code\obj\debug\statistics.obj
c:\users\yangy\desktop\tobii-game-box-master\code\obj\debug\statisticsmanager.obj
c:\users\yangy\desktop\tobii-game-box-master\code\obj\debug\submenu.obj
c:\users\yangy\desktop\tobii-game-box-master\code\obj\debug\timecounter.obj
c:\users\yangy\desktop\tobii-game-box-master\code\obj\debug\tobiicursor.obj
c:\users\yangy\desktop\tobii-game-box-master\code\obj\debug\utils.obj
c:\users\yangy\desktop\tobii-game-box-master\code\obj\debug\window.obj
c:\users\yangy\desktop\tobii-game-box-master\code\obj\debug\case.obj
c:\users\yangy\desktop\tobii-game-box-master\code\obj\debug\remembergame.obj
c:\users\yangy\desktop\tobii-game-box-master\code\obj\debug\main.obj
c:\users\yangy\desktop\tobii-game-box-master\code\obj\debug\maintest.obj
c:\users\yangy\desktop\tobii-game-box-master\code\obj\debug\application.obj
c:\users\yangy\desktop\tobii-game-box-master\code\obj\debug\button.obj
c:\users\yangy\desktop\tobii-game-box-master\code\obj\debug\config.obj
c:\users\yangy\desktop\tobii-game-box-master\code\obj\debug\cursor.obj
c:\users\yangy\desktop\tobii-game-box-master\code\obj\debug\cursormovementmanager.obj
c:\users\yangy\desktop\tobii-game-box-master\code\obj\debug\framecounter.obj
c:\users\yangy\desktop\tobii-game-box-master\code\obj\debug\game.obj
c:\users\yangy\desktop\tobii-game-box-master\code\obj\debug\gameobject.obj
c:\users\yangy\desktop\tobii-game-box-master\code\obj\debug\labycase.obj
c:\users\yangy\desktop\tobii-game-box-master\code\obj\debug\labyrinthegame.obj
c:\users\yangy\desktop\tobii-game-box-master\code\obj\debug\plate.obj
c:\users\yangy\desktop\tobii-game-box-master\code\bin\tobii_exec-debug.ilk
c:\users\yangy\desktop\tobii-game-box-master\code\bin\tobii_exec-debug.exe
c:\users\yangy\desktop\tobii-game-box-master\code\bin\tobii_exec-debug.pdb
c:\users\yangy\desktop\tobii-game-box-master\code\obj\debug\tobii_code.res
c:\users\yangy\desktop\tobii-game-box-master\code\obj\debug\tobii_code.tlog\cl.command.1.tlog
c:\users\yangy\desktop\tobii-game-box-master\code\obj\debug\tobii_code.tlog\cl.read.1.tlog
c:\users\yangy\desktop\tobii-game-box-master\code\obj\debug\tobii_code.tlog\cl.write.1.tlog
c:\users\yangy\desktop\tobii-game-box-master\code\obj\debug\tobii_code.tlog\link.command.1.tlog
c:\users\yangy\desktop\tobii-game-box-master\code\obj\debug\tobii_code.tlog\link.read.1.tlog
c:\users\yangy\desktop\tobii-game-box-master\code\obj\debug\tobii_code.tlog\link.write.1.tlog
c:\users\yangy\desktop\tobii-game-box-master\code\obj\debug\tobii_code.tlog\rc.command.1.tlog
c:\users\yangy\desktop\tobii-game-box-master\code\obj\debug\tobii_code.tlog\rc.read.1.tlog
c:\users\yangy\desktop\tobii-game-box-master\code\obj\debug\tobii_code.tlog\rc.write.1.tlog
