c:\users\yangy\desktop\tobii-game-box-master\code\obj\release\vc141.pdb
c:\users\yangy\desktop\tobii-game-box-master\code\obj\release\musicmanager.obj
c:\users\yangy\desktop\tobii-game-box-master\code\obj\release\mousecursor.obj
c:\users\yangy\desktop\tobii-game-box-master\code\obj\release\menu.obj
c:\users\yangy\desktop\tobii-game-box-master\code\obj\release\leaderboard.obj
c:\users\yangy\desktop\tobii-game-box-master\code\obj\release\label.obj
c:\users\yangy\desktop\tobii-game-box-master\code\obj\release\inputmanager.obj
c:\users\yangy\desktop\tobii-game-box-master\code\obj\release\gazeobject.obj
c:\users\yangy\desktop\tobii-game-box-master\code\obj\release\rapidegame.obj
c:\users\yangy\desktop\tobii-game-box-master\code\obj\release\platebasic.obj
c:\users\yangy\desktop\tobii-game-box-master\code\obj\release\plate.obj
c:\users\yangy\desktop\tobii-game-box-master\code\obj\release\labyrinthegame.obj
c:\users\yangy\desktop\tobii-game-box-master\code\obj\release\labycase.obj
c:\users\yangy\desktop\tobii-game-box-master\code\obj\release\gameobject.obj
c:\users\yangy\desktop\tobii-game-box-master\code\obj\release\game.obj
c:\users\yangy\desktop\tobii-game-box-master\code\obj\release\framecounter.obj
c:\users\yangy\desktop\tobii-game-box-master\code\obj\release\cursormovementmanager.obj
c:\users\yangy\desktop\tobii-game-box-master\code\obj\release\cursor.obj
c:\users\yangy\desktop\tobii-game-box-master\code\obj\release\config.obj
c:\users\yangy\desktop\tobii-game-box-master\code\obj\release\button.obj
c:\users\yangy\desktop\tobii-game-box-master\code\obj\release\application.obj
c:\users\yangy\desktop\tobii-game-box-master\code\obj\release\main.obj
c:\users\yangy\desktop\tobii-game-box-master\code\obj\release\remembergame.obj
c:\users\yangy\desktop\tobii-game-box-master\code\obj\release\case.obj
c:\users\yangy\desktop\tobii-game-box-master\code\obj\release\window.obj
c:\users\yangy\desktop\tobii-game-box-master\code\obj\release\utils.obj
c:\users\yangy\desktop\tobii-game-box-master\code\obj\release\tobiicursor.obj
c:\users\yangy\desktop\tobii-game-box-master\code\obj\release\timecounter.obj
c:\users\yangy\desktop\tobii-game-box-master\code\obj\release\submenu.obj
c:\users\yangy\desktop\tobii-game-box-master\code\obj\release\statisticsmanager.obj
c:\users\yangy\desktop\tobii-game-box-master\code\obj\release\statistics.obj
c:\users\yangy\desktop\tobii-game-box-master\code\obj\release\settings.obj
c:\users\yangy\desktop\tobii-game-box-master\code\bin\tobii_exec-release.exe
c:\users\yangy\desktop\tobii-game-box-master\code\bin\tobii_exec-release.pdb
c:\users\yangy\desktop\tobii-game-box-master\code\obj\release\tobii_code.res
c:\users\yangy\desktop\tobii-game-box-master\code\obj\release\tobii_code.tlog\cl.command.1.tlog
c:\users\yangy\desktop\tobii-game-box-master\code\obj\release\tobii_code.tlog\cl.read.1.tlog
c:\users\yangy\desktop\tobii-game-box-master\code\obj\release\tobii_code.tlog\cl.write.1.tlog
c:\users\yangy\desktop\tobii-game-box-master\code\obj\release\tobii_code.tlog\link.command.1.tlog
c:\users\yangy\desktop\tobii-game-box-master\code\obj\release\tobii_code.tlog\link.read.1.tlog
c:\users\yangy\desktop\tobii-game-box-master\code\obj\release\tobii_code.tlog\link.write.1.tlog
c:\users\yangy\desktop\tobii-game-box-master\code\obj\release\tobii_code.tlog\rc.command.1.tlog
c:\users\yangy\desktop\tobii-game-box-master\code\obj\release\tobii_code.tlog\rc.read.1.tlog
c:\users\yangy\desktop\tobii-game-box-master\code\obj\release\tobii_code.tlog\rc.write.1.tlog
